<?xml version="1.0" encoding="UTF-8" ?>
<testsuite tests="1" failures="1" name="testspack.GoogleTest" time="0.023" errors="0" skipped="0">
  <properties>
[...]
</properties>
  <testcase classname="testspack.GoogleTest" name="test1" time="0.023">
    <failure type="java.lang.NullPointerException">java.lang.NullPointerException
	at testspack.DriverFactory.getDriver(DriverFactory.java:44)
	at testspack.GoogleTest.test1(GoogleTest.java:16)
</failure>
    <system-out>Configuring TestNG with: org.apache.maven.surefire.testng.conf.TestNG652Configurator@2eafffde
</system-out>
  </testcase>
</testsuite>