<?xml version="1.0" encoding="UTF-8"?>
<!-- Generated by org.testng.reporters.JUnitXMLReporter -->
<testsuite hostname="LAPTOP-72KCK8FD" ignored="0" name="Command line test" tests="1" failures="1" timestamp="2020-12-29T12:48:52 IST" time="0.109" errors="0">
  <testcase name="test1" time="0.015" classname="testspack.GoogleTest">
    <failure type="java.lang.NullPointerException">
      <![CDATA[java.lang.NullPointerException
at testspack.DriverFactory.getDriver(DriverFactory.java:44)
at testspack.GoogleTest.test1(GoogleTest.java:16)
at java.util.ArrayList.forEach(ArrayList.java:1257)
... Removed 36 stack frames]]>
    </failure>
  </testcase> <!-- test1 -->
</testsuite> <!-- Command line test -->
